# JRE version: Java(TM) SE Runtime Environment (25.0+37) (build 25+37-LTS-3491)
# Java VM: Java HotSpot(TM) 64-Bit Server VM (25+37-LTS-3491, mixed mode, sharing, tiered, compressed oops, compressed class ptrs, g1 gc, windows-amd64)
GC Precious Log:
 CardTable entry size: 512
 Card Set container configuration: InlinePtr #cards 5 size 8 Array Of Cards #cards 10 size 36 Howl #buckets 4 coarsen threshold 1843 Howl Bitmap #cards 512 size 80 coarsen threshold 460 Card regions per heap region 1 cards per card region 2048
 CPUs: 8 total, 8 available
 Memory: 24465M
 Large Page Support: Disabled
 NUMA Support: Disabled
 Compressed Oops: Enabled (32-bit)
 Heap Region Size: 1M
 Heap Min Capacity: 128M
 Heap Initial Capacity: 128M
 Heap Max Capacity: 256M
 Pre-touch: Disabled
 Parallel Workers: 8
 Concurrent Workers: 2
 Concurrent Refinement Workers: 8
 Periodic GC: Disabled
Heap:
 garbage-first heap   total reserved 262144K, committed 133120K, used 111768K [0x00000000f0000000, 0x0000000100000000)
  region size 1024K, 60 young (61440K), 3 survivors (3072K)
GC Heap Usage History (14 events):
Event: 1.423 {heap Before GC invocations=0 (full 0):
 garbage-first heap   total reserved 262144K, committed 133120K, used 49301K [0x00000000f0000000, 0x0000000100000000)
  region size 1024K, 47 young (48128K), 0 survivors (0K)
}
Event: 1.433 {heap After GC invocations=1 (full 0):
 garbage-first heap   total reserved 262144K, committed 133120K, used 6122K [0x00000000f0000000, 0x0000000100000000)
  region size 1024K, 5 young (5120K), 5 survivors (5120K)
}
Event: 2.818 {heap Before GC invocations=1 (full 0):
 garbage-first heap   total reserved 262144K, committed 133120K, used 62442K [0x00000000f0000000, 0x0000000100000000)
  region size 1024K, 60 young (61440K), 5 survivors (5120K)
}
Event: 2.850 {heap After GC invocations=2 (full 0):
 garbage-first heap   total reserved 262144K, committed 133120K, used 13790K [0x00000000f0000000, 0x0000000100000000)
  region size 1024K, 8 young (8192K), 8 survivors (8192K)
}
Event: 3.815 {heap Before GC invocations=2 (full 0):
 garbage-first heap   total reserved 262144K, committed 133120K, used 77278K [0x00000000f0000000, 0x0000000100000000)
  region size 1024K, 70 young (71680K), 8 survivors (8192K)
}
Event: 3.836 {heap After GC invocations=3 (full 0):
 garbage-first heap   total reserved 262144K, committed 133120K, used 17937K [0x00000000f0000000, 0x0000000100000000)
  region size 1024K, 4 young (4096K), 4 survivors (4096K)
}
Event: 4.617 {heap Before GC invocations=3 (full 0):
 garbage-first heap   total reserved 262144K, committed 133120K, used 109073K [0x00000000f0000000, 0x0000000100000000)
  region size 1024K, 54 young (55296K), 4 survivors (4096K)
}
Event: 4.626 {heap After GC invocations=4 (full 0):
 garbage-first heap   total reserved 262144K, committed 133120K, used 27715K [0x00000000f0000000, 0x0000000100000000)
  region size 1024K, 6 young (6144K), 6 survivors (6144K)
}
Event: 4.634 {heap Before GC invocations=4 (full 0):
 garbage-first heap   total reserved 262144K, committed 133120K, used 60483K [0x00000000f0000000, 0x0000000100000000)
  region size 1024K, 7 young (7168K), 6 survivors (6144K)
}
Event: 4.640 {heap After GC invocations=5 (full 0):
 garbage-first heap   total reserved 262144K, committed 133120K, used 27761K [0x00000000f0000000, 0x0000000100000000)
  region size 1024K, 3 young (3072K), 3 survivors (3072K)
}
Event: 4.647 {heap Before GC invocations=5 (full 0):
 garbage-first heap   total reserved 262144K, committed 133120K, used 60529K [0x00000000f0000000, 0x0000000100000000)
  region size 1024K, 4 young (4096K), 3 survivors (3072K)
}
Event: 4.650 {heap After GC invocations=6 (full 0):
 garbage-first heap   total reserved 262144K, committed 133120K, used 27717K [0x00000000f0000000, 0x0000000100000000)
  region size 1024K, 3 young (3072K), 3 survivors (3072K)
}
Event: 4.658 {heap Before GC invocations=6 (full 0):
 garbage-first heap   total reserved 262144K, committed 133120K, used 60485K [0x00000000f0000000, 0x0000000100000000)
  region size 1024K, 4 young (4096K), 3 survivors (3072K)
}
Event: 4.662 {heap After GC invocations=7 (full 0):
 garbage-first heap   total reserved 262144K, committed 133120K, used 27800K [0x00000000f0000000, 0x0000000100000000)
  region size 1024K, 3 young (3072K), 3 survivors (3072K)
}

