# JRE version: OpenJDK Runtime Environment Temurin-21.0.11+10 (21.0.11+10) (build 21.0.11+10-LTS)
# Java VM: OpenJDK 64-Bit Server VM Temurin-21.0.11+10 (21.0.11+10-LTS, mixed mode, sharing, tiered, compressed oops, compressed class ptrs, parallel gc, windows-amd64)
GC Precious Log:
 CardTable entry size: 512
 CPUs: 8 total, 8 available
 Memory: 24465M
 Large Page Support: Disabled
 NUMA Support: Disabled
 Compressed Oops: Enabled (32-bit)
 Alignments: Space 512K, Generation 512K, Heap 2M
 Heap Min Capacity: 100M
 Heap Initial Capacity: 100M
 Heap Max Capacity: 2G
 Pre-touch: Disabled
 Parallel Workers: 8
Heap:
 PSYoungGen      total 23040K, used 16361K [0x00000000d5580000, 0x00000000d7080000, 0x0000000100000000)
  eden space 20480K, 72% used [0x00000000d5580000,0x00000000d6404c48,0x00000000d6980000)
  from space 2560K, 58% used [0x00000000d6c00000,0x00000000d6d75908,0x00000000d6e80000)
  to   space 2048K, 0% used [0x00000000d6e80000,0x00000000d6e80000,0x00000000d7080000)
 ParOldGen       total 111104K, used 86085K [0x0000000080000000, 0x0000000086c80000, 0x00000000d5580000)
  object space 111104K, 77% used [0x0000000080000000,0x0000000085411620,0x0000000086c80000)
 Metaspace       used 62811K, committed 64256K, reserved 1114112K
  class space    used 6661K, committed 7296K, reserved 1048576K
GC Heap History (20 events):
Event: 37.645 GC heap before
{Heap before GC invocations=105 (full 2):
 PSYoungGen      total 20992K, used 20960K [0x00000000d5580000, 0x00000000d6b00000, 0x0000000100000000)
  eden space 20480K, 100% used [0x00000000d5580000,0x00000000d6980000,0x00000000d6980000)
  from space 512K, 93% used [0x00000000d6a80000,0x00000000d6af8000,0x00000000d6b00000)
  to   space 512K, 0% used [0x00000000d6a00000,0x00000000d6a00000,0x00000000d6a80000)
 ParOldGen       total 99840K, used 99430K [0x0000000080000000, 0x0000000086180000, 0x00000000d5580000)
  object space 99840K, 99% used [0x0000000080000000,0x00000000861198d0,0x0000000086180000)
 Metaspace       used 54891K, committed 56384K, reserved 1114112K
  class space    used 5818K, committed 6464K, reserved 1048576K
}
Event: 37.651 GC heap after
{Heap after GC invocations=105 (full 2):
 PSYoungGen      total 20992K, used 512K [0x00000000d5580000, 0x00000000d7b80000, 0x0000000100000000)
  eden space 20480K, 0% used [0x00000000d5580000,0x00000000d5580000,0x00000000d6980000)
  from space 512K, 100% used [0x00000000d6a00000,0x00000000d6a80000,0x00000000d6a80000)
  to   space 9216K, 0% used [0x00000000d7280000,0x00000000d7280000,0x00000000d7b80000)
 ParOldGen       total 107008K, used 106714K [0x0000000080000000, 0x0000000086880000, 0x00000000d5580000)
  object space 107008K, 99% used [0x0000000080000000,0x0000000086836838,0x0000000086880000)
 Metaspace       used 54891K, committed 56384K, reserved 1114112K
  class space    used 5818K, committed 6464K, reserved 1048576K
}
Event: 37.750 GC heap before
{Heap before GC invocations=106 (full 2):
 PSYoungGen      total 20992K, used 20992K [0x00000000d5580000, 0x00000000d7b80000, 0x0000000100000000)
  eden space 20480K, 100% used [0x00000000d5580000,0x00000000d6980000,0x00000000d6980000)
  from space 512K, 100% used [0x00000000d6a00000,0x00000000d6a80000,0x00000000d6a80000)
  to   space 9216K, 0% used [0x00000000d7280000,0x00000000d7280000,0x00000000d7b80000)
 ParOldGen       total 107008K, used 106714K [0x0000000080000000, 0x0000000086880000, 0x00000000d5580000)
  object space 107008K, 99% used [0x0000000080000000,0x0000000086836838,0x0000000086880000)
 Metaspace       used 54981K, committed 56448K, reserved 1114112K
  class space    used 5826K, committed 6464K, reserved 1048576K
}
Event: 37.753 GC heap after
{Heap after GC invocations=106 (full 2):
 PSYoungGen      total 23040K, used 2240K [0x00000000d5580000, 0x00000000d7500000, 0x0000000100000000)
  eden space 20480K, 0% used [0x00000000d5580000,0x00000000d5580000,0x00000000d6980000)
  from space 2560K, 87% used [0x00000000d7280000,0x00000000d74b0020,0x00000000d7500000)
  to   space 4608K, 0% used [0x00000000d6c00000,0x00000000d6c00000,0x00000000d7080000)
 ParOldGen       total 107520K, used 107258K [0x0000000080000000, 0x0000000086900000, 0x00000000d5580000)
  object space 107520K, 99% used [0x0000000080000000,0x00000000868be8f8,0x0000000086900000)
 Metaspace       used 54981K, committed 56448K, reserved 1114112K
  class space    used 5826K, committed 6464K, reserved 1048576K
}
Event: 38.060 GC heap before
{Heap before GC invocations=107 (full 2):
 PSYoungGen      total 23040K, used 22720K [0x00000000d5580000, 0x00000000d7500000, 0x0000000100000000)
  eden space 20480K, 100% used [0x00000000d5580000,0x00000000d6980000,0x00000000d6980000)
  from space 2560K, 87% used [0x00000000d7280000,0x00000000d74b0020,0x00000000d7500000)
  to   space 4608K, 0% used [0x00000000d6c00000,0x00000000d6c00000,0x00000000d7080000)
 ParOldGen       total 107520K, used 107258K [0x0000000080000000, 0x0000000086900000, 0x00000000d5580000)
  object space 107520K, 99% used [0x0000000080000000,0x00000000868be8f8,0x0000000086900000)
 Metaspace       used 56082K, committed 57536K, reserved 1114112K
  class space    used 5924K, committed 6592K, reserved 1048576K
}
Event: 38.065 GC heap after
{Heap after GC invocations=107 (full 2):
 PSYoungGen      total 25088K, used 928K [0x00000000d5580000, 0x00000000d7300000, 0x0000000100000000)
  eden space 20480K, 0% used [0x00000000d5580000,0x00000000d5580000,0x00000000d6980000)
  from space 4608K, 20% used [0x00000000d6c00000,0x00000000d6ce8020,0x00000000d7080000)
  to   space 2048K, 0% used [0x00000000d7100000,0x00000000d7100000,0x00000000d7300000)
 ParOldGen       total 109568K, used 109380K [0x0000000080000000, 0x0000000086b00000, 0x00000000d5580000)
  object space 109568K, 99% used [0x0000000080000000,0x0000000086ad1180,0x0000000086b00000)
 Metaspace       used 56082K, committed 57536K, reserved 1114112K
  class space    used 5924K, committed 6592K, reserved 1048576K
}
Event: 38.655 GC heap before
{Heap before GC invocations=108 (full 2):
 PSYoungGen      total 25088K, used 21408K [0x00000000d5580000, 0x00000000d7300000, 0x0000000100000000)
  eden space 20480K, 100% used [0x00000000d5580000,0x00000000d6980000,0x00000000d6980000)
  from space 4608K, 20% used [0x00000000d6c00000,0x00000000d6ce8020,0x00000000d7080000)
  to   space 2048K, 0% used [0x00000000d7100000,0x00000000d7100000,0x00000000d7300000)
 ParOldGen       total 109568K, used 109380K [0x0000000080000000, 0x0000000086b00000, 0x00000000d5580000)
  object space 109568K, 99% used [0x0000000080000000,0x0000000086ad1180,0x0000000086b00000)
 Metaspace       used 57348K, committed 58880K, reserved 1114112K
  class space    used 6129K, committed 6784K, reserved 1048576K
}
Event: 38.657 GC heap after
{Heap after GC invocations=108 (full 2):
 PSYoungGen      total 21504K, used 715K [0x00000000d5580000, 0x00000000d7200000, 0x0000000100000000)
  eden space 20480K, 0% used [0x00000000d5580000,0x00000000d5580000,0x00000000d6980000)
  from space 1024K, 69% used [0x00000000d7100000,0x00000000d71b2e68,0x00000000d7200000)
  to   space 1024K, 0% used [0x00000000d7000000,0x00000000d7000000,0x00000000d7100000)
 ParOldGen       total 110592K, used 110214K [0x0000000080000000, 0x0000000086c00000, 0x00000000d5580000)
  object space 110592K, 99% used [0x0000000080000000,0x0000000086ba1b60,0x0000000086c00000)
 Metaspace       used 57348K, committed 58880K, reserved 1114112K
  class space    used 6129K, committed 6784K, reserved 1048576K
}
Event: 38.968 GC heap before
{Heap before GC invocations=109 (full 2):
 PSYoungGen      total 21504K, used 11944K [0x00000000d5580000, 0x00000000d7200000, 0x0000000100000000)
  eden space 20480K, 54% used [0x00000000d5580000,0x00000000d60772a0,0x00000000d6980000)
  from space 1024K, 69% used [0x00000000d7100000,0x00000000d71b2e68,0x00000000d7200000)
  to   space 1024K, 0% used [0x00000000d7000000,0x00000000d7000000,0x00000000d7100000)
 ParOldGen       total 110592K, used 110214K [0x0000000080000000, 0x0000000086c00000, 0x00000000d5580000)
  object space 110592K, 99% used [0x0000000080000000,0x0000000086ba1b60,0x0000000086c00000)
 Metaspace       used 58300K, committed 59776K, reserved 1114112K
  class space    used 6201K, committed 6848K, reserved 1048576K
}
Event: 38.969 GC heap after
{Heap after GC invocations=109 (full 2):
 PSYoungGen      total 20992K, used 384K [0x00000000d5580000, 0x00000000d7180000, 0x0000000100000000)
  eden space 20480K, 0% used [0x00000000d5580000,0x00000000d5580000,0x00000000d6980000)
  from space 512K, 75% used [0x00000000d7000000,0x00000000d7060000,0x00000000d7080000)
  to   space 1024K, 0% used [0x00000000d7080000,0x00000000d7080000,0x00000000d7180000)
 ParOldGen       total 111104K, used 110697K [0x0000000080000000, 0x0000000086c80000, 0x00000000d5580000)
  object space 111104K, 99% used [0x0000000080000000,0x0000000086c1a710,0x0000000086c80000)
 Metaspace       used 58300K, committed 59776K, reserved 1114112K
  class space    used 6201K, committed 6848K, reserved 1048576K
}
Event: 38.969 GC heap before
{Heap before GC invocations=110 (full 3):
 PSYoungGen      total 20992K, used 384K [0x00000000d5580000, 0x00000000d7180000, 0x0000000100000000)
  eden space 20480K, 0% used [0x00000000d5580000,0x00000000d5580000,0x00000000d6980000)
  from space 512K, 75% used [0x00000000d7000000,0x00000000d7060000,0x00000000d7080000)
  to   space 1024K, 0% used [0x00000000d7080000,0x00000000d7080000,0x00000000d7180000)
 ParOldGen       total 111104K, used 110697K [0x0000000080000000, 0x0000000086c80000, 0x00000000d5580000)
  object space 111104K, 99% used [0x0000000080000000,0x0000000086c1a710,0x0000000086c80000)
 Metaspace       used 58300K, committed 59776K, reserved 1114112K
  class space    used 6201K, committed 6848K, reserved 1048576K
}
Event: 39.122 GC heap after
{Heap after GC invocations=110 (full 3):
 PSYoungGen      total 20992K, used 0K [0x00000000d5580000, 0x00000000d7180000, 0x0000000100000000)
  eden space 20480K, 0% used [0x00000000d5580000,0x00000000d5580000,0x00000000d6980000)
  from space 512K, 0% used [0x00000000d7000000,0x00000000d7000000,0x00000000d7080000)
  to   space 1024K, 0% used [0x00000000d7080000,0x00000000d7080000,0x00000000d7180000)
 ParOldGen       total 111104K, used 82513K [0x0000000080000000, 0x0000000086c80000, 0x00000000d5580000)
  object space 111104K, 74% used [0x0000000080000000,0x0000000085094498,0x0000000086c80000)
 Metaspace       used 58299K, committed 59776K, reserved 1114112K
  class space    used 6201K, committed 6848K, reserved 1048576K
}
Event: 39.589 GC heap before
{Heap before GC invocations=111 (full 3):
 PSYoungGen      total 20992K, used 20480K [0x00000000d5580000, 0x00000000d7180000, 0x0000000100000000)
  eden space 20480K, 100% used [0x00000000d5580000,0x00000000d6980000,0x00000000d6980000)
  from space 512K, 0% used [0x00000000d7000000,0x00000000d7000000,0x00000000d7080000)
  to   space 1024K, 0% used [0x00000000d7080000,0x00000000d7080000,0x00000000d7180000)
 ParOldGen       total 111104K, used 82513K [0x0000000080000000, 0x0000000086c80000, 0x00000000d5580000)
  object space 111104K, 74% used [0x0000000080000000,0x0000000085094498,0x0000000086c80000)
 Metaspace       used 59770K, committed 61312K, reserved 1114112K
  class space    used 6363K, committed 7040K, reserved 1048576K
}
Event: 39.591 GC heap after
{Heap after GC invocations=111 (full 3):
 PSYoungGen      total 21504K, used 992K [0x00000000d5580000, 0x00000000d7180000, 0x0000000100000000)
  eden space 20480K, 0% used [0x00000000d5580000,0x00000000d5580000,0x00000000d6980000)
  from space 1024K, 96% used [0x00000000d7080000,0x00000000d7178010,0x00000000d7180000)
  to   space 1536K, 0% used [0x00000000d6e80000,0x00000000d6e80000,0x00000000d7000000)
 ParOldGen       total 111104K, used 82585K [0x0000000080000000, 0x0000000086c80000, 0x00000000d5580000)
  object space 111104K, 74% used [0x0000000080000000,0x00000000850a6498,0x0000000086c80000)
 Metaspace       used 59770K, committed 61312K, reserved 1114112K
  class space    used 6363K, committed 7040K, reserved 1048576K
}
Event: 39.782 GC heap before
{Heap before GC invocations=112 (full 3):
 PSYoungGen      total 21504K, used 21472K [0x00000000d5580000, 0x00000000d7180000, 0x0000000100000000)
  eden space 20480K, 100% used [0x00000000d5580000,0x00000000d6980000,0x00000000d6980000)
  from space 1024K, 96% used [0x00000000d7080000,0x00000000d7178010,0x00000000d7180000)
  to   space 1536K, 0% used [0x00000000d6e80000,0x00000000d6e80000,0x00000000d7000000)
 ParOldGen       total 111104K, used 82585K [0x0000000080000000, 0x0000000086c80000, 0x00000000d5580000)
  object space 111104K, 74% used [0x0000000080000000,0x00000000850a6498,0x0000000086c80000)
 Metaspace       used 60105K, committed 61632K, reserved 1114112K
  class space    used 6399K, committed 7040K, reserved 1048576K
}
Event: 39.786 GC heap after
{Heap after GC invocations=112 (full 3):
 PSYoungGen      total 22016K, used 1534K [0x00000000d5580000, 0x00000000d7380000, 0x0000000100000000)
  eden space 20480K, 0% used [0x00000000d5580000,0x00000000d5580000,0x00000000d6980000)
  from space 1536K, 99% used [0x00000000d6e80000,0x00000000d6fff8c0,0x00000000d7000000)
  to   space 3584K, 0% used [0x00000000d7000000,0x00000000d7000000,0x00000000d7380000)
 ParOldGen       total 111104K, used 85198K [0x0000000080000000, 0x0000000086c80000, 0x00000000d5580000)
  object space 111104K, 76% used [0x0000000080000000,0x0000000085333ae8,0x0000000086c80000)
 Metaspace       used 60105K, committed 61632K, reserved 1114112K
  class space    used 6399K, committed 7040K, reserved 1048576K
}
Event: 39.875 GC heap before
{Heap before GC invocations=113 (full 3):
 PSYoungGen      total 22016K, used 22014K [0x00000000d5580000, 0x00000000d7380000, 0x0000000100000000)
  eden space 20480K, 100% used [0x00000000d5580000,0x00000000d6980000,0x00000000d6980000)
  from space 1536K, 99% used [0x00000000d6e80000,0x00000000d6fff8c0,0x00000000d7000000)
  to   space 3584K, 0% used [0x00000000d7000000,0x00000000d7000000,0x00000000d7380000)
 ParOldGen       total 111104K, used 85198K [0x0000000080000000, 0x0000000086c80000, 0x00000000d5580000)
  object space 111104K, 76% used [0x0000000080000000,0x0000000085333ae8,0x0000000086c80000)
 Metaspace       used 60114K, committed 61632K, reserved 1114112K
  class space    used 6399K, committed 7040K, reserved 1048576K
}
Event: 39.878 GC heap after
{Heap after GC invocations=113 (full 3):
 PSYoungGen      total 21504K, used 1010K [0x00000000d5580000, 0x00000000d7100000, 0x0000000100000000)
  eden space 20480K, 0% used [0x00000000d5580000,0x00000000d5580000,0x00000000d6980000)
  from space 1024K, 98% used [0x00000000d7000000,0x00000000d70fcaa8,0x00000000d7100000)
  to   space 2560K, 0% used [0x00000000d6c00000,0x00000000d6c00000,0x00000000d6e80000)
 ParOldGen       total 111104K, used 86061K [0x0000000080000000, 0x0000000086c80000, 0x00000000d5580000)
  object space 111104K, 77% used [0x0000000080000000,0x000000008540b620,0x0000000086c80000)
 Metaspace       used 60114K, committed 61632K, reserved 1114112K
  class space    used 6399K, committed 7040K, reserved 1048576K
}
Event: 40.137 GC heap before
{Heap before GC invocations=114 (full 3):
 PSYoungGen      total 21504K, used 21490K [0x00000000d5580000, 0x00000000d7100000, 0x0000000100000000)
  eden space 20480K, 100% used [0x00000000d5580000,0x00000000d6980000,0x00000000d6980000)
  from space 1024K, 98% used [0x00000000d7000000,0x00000000d70fcaa8,0x00000000d7100000)
  to   space 2560K, 0% used [0x00000000d6c00000,0x00000000d6c00000,0x00000000d6e80000)
 ParOldGen       total 111104K, used 86061K [0x0000000080000000, 0x0000000086c80000, 0x00000000d5580000)
  object space 111104K, 77% used [0x0000000080000000,0x000000008540b620,0x0000000086c80000)
 Metaspace       used 61607K, committed 63168K, reserved 1114112K
  class space    used 6524K, committed 7168K, reserved 1048576K
}
Event: 40.140 GC heap after
{Heap after GC invocations=114 (full 3):
 PSYoungGen      total 23040K, used 1494K [0x00000000d5580000, 0x00000000d7080000, 0x0000000100000000)
  eden space 20480K, 0% used [0x00000000d5580000,0x00000000d5580000,0x00000000d6980000)
  from space 2560K, 58% used [0x00000000d6c00000,0x00000000d6d75908,0x00000000d6e80000)
  to   space 2048K, 0% used [0x00000000d6e80000,0x00000000d6e80000,0x00000000d7080000)
 ParOldGen       total 111104K, used 86085K [0x0000000080000000, 0x0000000086c80000, 0x00000000d5580000)
  object space 111104K, 77% used [0x0000000080000000,0x0000000085411620,0x0000000086c80000)
 Metaspace       used 61607K, committed 63168K, reserved 1114112K
  class space    used 6524K, committed 7168K, reserved 1048576K
}

